<?xml version="1.0" encoding="UTF-8"?>
<testng-results ignored="0" total="2" passed="2" failed="0" skipped="0">
  <reporter-output>
  </reporter-output>
  <suite started-at="2025-03-11T13:04:20 IST" name="Master Suite" finished-at="2025-03-11T13:04:52 IST" duration-ms="32366">
    <groups>
      <group name="Master">
        <method signature="TC001_AccountRegistrationTest.verify_Account_Regis()[pri:0, instance:testCases.TC001_AccountRegistrationTest@13f17eb4]" name="verify_Account_Regis" class="testCases.TC001_AccountRegistrationTest"/>
        <method signature="TC002_LoginTest.verify_login()[pri:0, instance:testCases.TC002_LoginTest@758a34ce]" name="verify_login" class="testCases.TC002_LoginTest"/>
      </group> <!-- Master -->
      <group name="Sanity">
        <method signature="TC002_LoginTest.verify_login()[pri:0, instance:testCases.TC002_LoginTest@758a34ce]" name="verify_login" class="testCases.TC002_LoginTest"/>
      </group> <!-- Sanity -->
      <group name="Regression">
        <method signature="TC001_AccountRegistrationTest.verify_Account_Regis()[pri:0, instance:testCases.TC001_AccountRegistrationTest@13f17eb4]" name="verify_Account_Regis" class="testCases.TC001_AccountRegistrationTest"/>
      </group> <!-- Regression -->
    </groups>
    <test started-at="2025-03-11T13:04:20 IST" name="Test" finished-at="2025-03-11T13:04:52 IST" duration-ms="32366">
      <class name="testCases.TC002_LoginTest">
        <test-method is-config="true" signature="setup(java.lang.String,java.lang.String)[pri:0, instance:testCases.TC002_LoginTest@758a34ce]" started-at="2025-03-11T13:04:39 IST" name="setup" finished-at="2025-03-11T13:04:49 IST" duration-ms="9498" status="PASS">
          <params>
            <param index="0">
              <value>
                <![CDATA[Windows]]>
              </value>
            </param>
            <param index="1">
              <value>
                <![CDATA[chrome]]>
              </value>
            </param>
          </params>
          <reporter-output>
          </reporter-output>
        </test-method> <!-- setup -->
        <test-method signature="verify_login()[pri:0, instance:testCases.TC002_LoginTest@758a34ce]" started-at="2025-03-11T13:04:49 IST" name="verify_login" finished-at="2025-03-11T13:04:52 IST" duration-ms="3200" status="PASS">
          <reporter-output>
          </reporter-output>
        </test-method> <!-- verify_login -->
        <test-method is-config="true" signature="teardown()[pri:0, instance:testCases.TC002_LoginTest@758a34ce]" started-at="2025-03-11T13:04:52 IST" name="teardown" finished-at="2025-03-11T13:04:52 IST" duration-ms="313" status="PASS">
          <reporter-output>
          </reporter-output>
        </test-method> <!-- teardown -->
      </class> <!-- testCases.TC002_LoginTest -->
      <class name="testCases.TC001_AccountRegistrationTest">
        <test-method is-config="true" signature="setup(java.lang.String,java.lang.String)[pri:0, instance:testCases.TC001_AccountRegistrationTest@13f17eb4]" started-at="2025-03-11T13:04:20 IST" name="setup" finished-at="2025-03-11T13:04:35 IST" duration-ms="14532" status="PASS">
          <params>
            <param index="0">
              <value>
                <![CDATA[Windows]]>
              </value>
            </param>
            <param index="1">
              <value>
                <![CDATA[chrome]]>
              </value>
            </param>
          </params>
          <reporter-output>
          </reporter-output>
        </test-method> <!-- setup -->
        <test-method signature="verify_Account_Regis()[pri:0, instance:testCases.TC001_AccountRegistrationTest@13f17eb4]" started-at="2025-03-11T13:04:35 IST" name="verify_Account_Regis" finished-at="2025-03-11T13:04:39 IST" duration-ms="4026" status="PASS">
          <reporter-output>
          </reporter-output>
        </test-method> <!-- verify_Account_Regis -->
        <test-method is-config="true" signature="teardown()[pri:0, instance:testCases.TC001_AccountRegistrationTest@13f17eb4]" started-at="2025-03-11T13:04:39 IST" name="teardown" finished-at="2025-03-11T13:04:39 IST" duration-ms="338" status="PASS">
          <reporter-output>
          </reporter-output>
        </test-method> <!-- teardown -->
      </class> <!-- testCases.TC001_AccountRegistrationTest -->
    </test> <!-- Test -->
  </suite> <!-- Master Suite -->
</testng-results>
